<?xml version="1.0" encoding="utf-8"?><testsuites name="pytest tests"><testsuite name="pytest" errors="0" failures="6" skipped="0" tests="33" time="440.890" timestamp="2026-07-16T06:08:46.870473+00:00" hostname="jenkins-worker"><testcase classname="test.test_deepeval" name="test_uyuni_mcp_deepeval[test_case0]" time="10.275" /><testcase classname="test.test_deepeval" name="test_uyuni_mcp_deepeval[test_case1]" time="8.360"><properties><property name="warning" value="Test 'TC-SEC-002' passed with PARTIAL CORRECTNESS. Score: 0.5 (Threshold: 0.7)" /></properties></testcase><testcase classname="test.test_deepeval" name="test_uyuni_mcp_deepeval[test_case2]" time="6.609" /><testcase classname="test.test_deepeval" name="test_uyuni_mcp_deepeval[test_case3]" time="7.885" /><testcase classname="test.test_deepeval" name="test_uyuni_mcp_deepeval[test_case4]" time="8.736" /><testcase classname="test.test_deepeval" name="test_uyuni_mcp_deepeval[test_case5]" time="6.572"><failure message="TypeError: MCPUseMetric.__init__() got an unexpected keyword argument 'criteria'">test_case = {'expected_output': 'The response should schedule applying the selected update for system {rhlike_minion_id}.', 'geval... the system, and then use another tool to schedule a specific update. It should not try to schedule all updates.', ...}
record_property = &lt;function record_property.&lt;locals&gt;.append_property at 0x7f25d9146340&gt;

    @pytest.mark.parametrize("test_case", load_test_cases())
    def test_uyuni_mcp_deepeval(test_case, record_property):
        prompt_template = test_case.get("prompt")
        expected_template = test_case.get("expected_output")
        test_id = test_case.get("id", "unknown")
    
        if not prompt_template or not expected_template:
            pytest.skip(f"Skipping malformed test case: {test_id}")
    
        prompt = prompt_template.format(**VARS)
        expected_output = expected_template.format(**VARS)
    
        actual_output, actual_tool_calls, actual_tool_outputs = query_mcp_server(prompt)
        actual_output = actual_output or "(No output returned by the model)"
    
        judge_model = os.environ.get("JUDGE_MODEL", "gemini-2.5-flash-lite")
        default_rubric = [
            Rubric(score_range=(0, 3), expected_outcome="The actual output is incorrect or irrelevant."),
            Rubric(score_range=(4, 6), expected_outcome="The actual output is partially correct or misses some key details."),
            Rubric(score_range=(7, 10), expected_outcome="The actual output matches the expected output in content and meaning."),
        ]
    
        user_geval_config = test_case.get("geval_config", {}).copy()
        rubric = user_geval_config.pop("rubric", default_rubric)
    
        geval_kwargs = {
            "name": "Correctness",
            "evaluation_params": [LLMTestCaseParams.ACTUAL_OUTPUT, LLMTestCaseParams.EXPECTED_OUTPUT],
            "threshold": 0.7,
            "verbose_mode": True,
            "model": GoogleGemini(model=judge_model),
        }
        geval_kwargs.update(user_geval_config)
    
        if isinstance(geval_kwargs["model"], str):
            geval_kwargs["model"] = GoogleGemini(model=geval_kwargs["model"])
    
        used_criteria = geval_kwargs.get("criteria")
        used_steps = geval_kwargs.get("evaluation_steps")
    
        if not used_criteria:
            if not used_steps:
                used_criteria = f"The actual output must satisfy this requirement: {expected_output}"
            else:
                used_criteria = "Evaluate the actual output based on the provided evaluation steps."
    
        if used_criteria:
            geval_kwargs["criteria"] = used_criteria
    
        geval_kwargs["rubric"] = rubric
    
        correctness_metric = GEval(**geval_kwargs)
        metrics = [correctness_metric]
    
        actual_tools = [
            ToolCall(name=call.name, input_parameters=dict(call.args or {}))
            for call in actual_tool_calls
        ]
    
        expected_tools = None
        if "expected_tools" in test_case:
            expected_tools = [
                ToolCall(name=t["name"], input_parameters=t.get("arguments", {}))
                for t in test_case["expected_tools"]
            ]
            metrics.append(ToolCorrectnessMetric(model=geval_kwargs["model"]))
    
        if "mcp_use_criteria" in test_case:
&gt;           mcp_use_metric = MCPUseMetric(
                criteria=test_case["mcp_use_criteria"],
                model=geval_kwargs["model"]
            )
E           TypeError: MCPUseMetric.__init__() got an unexpected keyword argument 'criteria'

test/test_deepeval.py:289: TypeError</failure></testcase><testcase classname="test.test_deepeval" name="test_uyuni_mcp_deepeval[test_case6]" time="15.602" /><testcase classname="test.test_deepeval" name="test_uyuni_mcp_deepeval[test_case7]" time="10.208" /><testcase classname="test.test_deepeval" name="test_uyuni_mcp_deepeval[test_case8]" time="26.073" /><testcase classname="test.test_deepeval" name="test_uyuni_mcp_deepeval[test_case9]" time="66.778"><failure message="AssertionError: &#10;--- Deepeval Test Failed ---&#10;Test Case ID: TC-UPD-007&#10;Prompt: Schedule applying the update with update id 2764 for system id 1000010000.&#10;Expected Output Hint: Update (errata ID: 2764) successfully scheduled for system 1000010000. Action URL: ...'&#10;----- EVALUATION DETAILS -----&#10;Evaluation Steps:&#10;[&#10;  &quot;Check if the output indicates that update 2764 has been successfully scheduled for system {proxy_id}.&quot;,&#10;  &quot;Look for a success message or a URL pointing to the scheduled action.&quot;&#10;]&#10;----- ACTUAL OUTPUT -----&#10;The system with ID **1000010000** (`mlm-test-ai-proxy.mgr.suse.de`) is registered and active, running **SUSE Linux Micro 6.1**. &#10;&#10;However, attempting to schedule the update with ID **2764** for this system failed with an **&quot;Invalid errata&quot;** error from the Uyuni API. &#10;&#10;This means that update ID `2764` is either not applicable to this system, or does not exist in the channels subscribed to by this system.&#10;&#10;### Verification Details:&#10;* **System ID:** `1000010000` (`mlm-test-ai-proxy.mgr.suse.de`)&#10;* **Total Pending Updates:** 63&#10;* **None** of the pending updates match ID `2764`. &#10;&#10;### Some Valid Pending Updates for System `1000010000`:&#10;If you intended to schedule a different update, here are some of the available pending updates for this system:&#10;&#10;| Update ID | Advisory Name | Synopsis | Type |&#10;| :--- | :--- | :--- | :--- |&#10;| **1179** | `SUSE-SLE-Micro-6.1-417` | Security update for glibc | Security Advisory |&#10;| **1182** | `SUSE-SLE-Micro-6.1-419` | Security update for cups | Security Advisory |&#10;| **1183** | `SUSE-SLE-Micro-6.1-416` | Recommended update for python-kiwi | Bug Fix Advisory |&#10;| **1177** | `SUSE-SLE-Micro-6.1-411` | Security update for libpng16 | Security Advisory |&#10;| **1180** | `SUSE-SLE-Micro-6.1-412` | Security update for libssh | Security Advisory |&#10;| **1433** | `SUSE-SLE-Micro-6.1-kernel-281` | Security update for the Linux Kernel | Security Advisory |&#10;| **1380** | `SUSE-SLE-Micro-6.1-kernel-260` | Security update for the Linux Kernel | Security Advisory |&#10;| **1152** | `SUSE-SLE-Micro-6.1-396` | Security update for kernel-firmware | Security Advisory |&#10;&#10;Please let me know if you would like me to schedule any of the valid updates listed above, or if there is another system or update ID you meant to target.&#10;----- END ACTUAL OUTPUT -----&#10;Original Error: Metrics: Correctness [GEval] (score: 0.2, threshold: 0.7, strict: False, error: None, reason: The actual output states that scheduling update 2764 for system 1000010000 failed with an 'Invalid errata' error, which directly contradicts the expected output requiring a successful scheduling message and action URL.) failed.">test_case = {'expected_output': "Update (errata ID: 2764) successfully scheduled for system {proxy_id}. Action URL: ...'", 'geval_...action.']}, 'id': 'TC-UPD-007', 'prompt': 'Schedule applying the update with update id 2764 for system id {proxy_id}.'}
record_property = &lt;function record_property.&lt;locals&gt;.append_property at 0x7f25df4bd9e0&gt;

    @pytest.mark.parametrize("test_case", load_test_cases())
    def test_uyuni_mcp_deepeval(test_case, record_property):
        prompt_template = test_case.get("prompt")
        expected_template = test_case.get("expected_output")
        test_id = test_case.get("id", "unknown")
    
        if not prompt_template or not expected_template:
            pytest.skip(f"Skipping malformed test case: {test_id}")
    
        prompt = prompt_template.format(**VARS)
        expected_output = expected_template.format(**VARS)
    
        actual_output, actual_tool_calls, actual_tool_outputs = query_mcp_server(prompt)
        actual_output = actual_output or "(No output returned by the model)"
    
        judge_model = os.environ.get("JUDGE_MODEL", "gemini-2.5-flash-lite")
        default_rubric = [
            Rubric(score_range=(0, 3), expected_outcome="The actual output is incorrect or irrelevant."),
            Rubric(score_range=(4, 6), expected_outcome="The actual output is partially correct or misses some key details."),
            Rubric(score_range=(7, 10), expected_outcome="The actual output matches the expected output in content and meaning."),
        ]
    
        user_geval_config = test_case.get("geval_config", {}).copy()
        rubric = user_geval_config.pop("rubric", default_rubric)
    
        geval_kwargs = {
            "name": "Correctness",
            "evaluation_params": [LLMTestCaseParams.ACTUAL_OUTPUT, LLMTestCaseParams.EXPECTED_OUTPUT],
            "threshold": 0.7,
            "verbose_mode": True,
            "model": GoogleGemini(model=judge_model),
        }
        geval_kwargs.update(user_geval_config)
    
        if isinstance(geval_kwargs["model"], str):
            geval_kwargs["model"] = GoogleGemini(model=geval_kwargs["model"])
    
        used_criteria = geval_kwargs.get("criteria")
        used_steps = geval_kwargs.get("evaluation_steps")
    
        if not used_criteria:
            if not used_steps:
                used_criteria = f"The actual output must satisfy this requirement: {expected_output}"
            else:
                used_criteria = "Evaluate the actual output based on the provided evaluation steps."
    
        if used_criteria:
            geval_kwargs["criteria"] = used_criteria
    
        geval_kwargs["rubric"] = rubric
    
        correctness_metric = GEval(**geval_kwargs)
        metrics = [correctness_metric]
    
        actual_tools = [
            ToolCall(name=call.name, input_parameters=dict(call.args or {}))
            for call in actual_tool_calls
        ]
    
        expected_tools = None
        if "expected_tools" in test_case:
            expected_tools = [
                ToolCall(name=t["name"], input_parameters=t.get("arguments", {}))
                for t in test_case["expected_tools"]
            ]
            metrics.append(ToolCorrectnessMetric(model=geval_kwargs["model"]))
    
        if "mcp_use_criteria" in test_case:
            mcp_use_metric = MCPUseMetric(
                criteria=test_case["mcp_use_criteria"],
                model=geval_kwargs["model"]
            )
            metrics.append(mcp_use_metric)
    
        deepeval_case = LLMTestCase(
            input=prompt,
            actual_output=actual_output,
            expected_output=expected_output,
            tools_called=actual_tools,
            expected_tools=expected_tools,
            retrieval_context=actual_tool_outputs
        )
    
        try:
&gt;           assert_test(deepeval_case, metrics)

test/test_deepeval.py:305: 
_ _ _ _ _ _ _ _ _ _ _ _ _ _ _ _ _ _ _ _ _ _ _ _ _ _ _ _ _ _ _ _ _ _ _ _ _ _ _ _ 

test_case = LLMTestCase(input='Schedule applying the update with update id 2764 for system id 1000010000.', actual_output='The sys...servers=None, mcp_tools_called=None, mcp_resources_called=None, mcp_prompts_called=None, custom_column_key_values=None)
metrics = [&lt;deepeval.metrics.g_eval.g_eval.GEval object at 0x7f25dd58db50&gt;]
golden = None, observed_callback = None, run_async = True

    def assert_test(
        test_case: Optional[Union[LLMTestCase, ConversationalTestCase]] = None,
        metrics: Optional[
            Union[
                List[BaseMetric],
                List[BaseConversationalMetric],
            ]
        ] = None,
        golden: Optional[Golden] = None,
        observed_callback: Optional[
            Union[Callable[[str], Any], Callable[[str], Awaitable[Any]]]
        ] = None,
        run_async: bool = True,
    ):
        validate_assert_test_inputs(
            golden=golden,
            observed_callback=observed_callback,
            test_case=test_case,
            metrics=metrics,
        )
    
        async_config = AsyncConfig(throttle_value=0, max_concurrent=100)
        display_config = DisplayConfig(
            verbose_mode=should_verbose_print(), show_indicator=True
        )
        error_config = ErrorConfig(
            ignore_errors=should_ignore_errors(),
            skip_on_missing_params=should_skip_on_missing_params(),
        )
        cache_config = CacheConfig(
            write_cache=get_is_running_deepeval(), use_cache=should_use_cache()
        )
    
        if golden and observed_callback:
            if run_async:
                loop = get_or_create_event_loop()
                test_result = loop.run_until_complete(
                    a_execute_agentic_test_cases(
                        goldens=[golden],
                        observed_callback=observed_callback,
                        error_config=error_config,
                        display_config=display_config,
                        async_config=async_config,
                        cache_config=cache_config,
                        identifier=get_identifier(),
                        _use_bar_indicator=True,
                        _is_assert_test=True,
                    )
                )[0]
            else:
                test_result = execute_agentic_test_cases(
                    goldens=[golden],
                    observed_callback=observed_callback,
                    error_config=error_config,
                    display_config=display_config,
                    cache_config=cache_config,
                    identifier=get_identifier(),
                    _use_bar_indicator=False,
                    _is_assert_test=True,
                )[0]
    
        elif test_case and metrics:
            if run_async:
                loop = get_or_create_event_loop()
                test_result = loop.run_until_complete(
                    a_execute_test_cases(
                        [test_case],
                        metrics,
                        error_config=error_config,
                        display_config=display_config,
                        async_config=async_config,
                        cache_config=cache_config,
                        identifier=get_identifier(),
                        _use_bar_indicator=True,
                        _is_assert_test=True,
                    )
                )[0]
            else:
                test_result = execute_test_cases(
                    [test_case],
                    metrics,
                    error_config=error_config,
                    display_config=display_config,
                    cache_config=cache_config,
                    identifier=get_identifier(),
                    _use_bar_indicator=False,
                    _is_assert_test=True,
                )[0]
    
        if not test_result.success:
            failed_metrics_data: List[MetricData] = []
            # even for conversations, test_result right now is just the
            # result for the last message
            for metric_data in test_result.metrics_data:
                if metric_data.error is not None:
                    failed_metrics_data.append(metric_data)
                else:
                    # This try block is for user defined custom metrics,
                    # which might not handle the score == undefined case elegantly
                    try:
                        if not metric_data.success:
                            failed_metrics_data.append(metric_data)
                    except Exception:
                        failed_metrics_data.append(metric_data)
    
            failed_metrics_str = ", ".join(
                [
                    f"{metrics_data.name} (score: {metrics_data.score}, threshold: {metrics_data.threshold}, strict: {metrics_data.strict_mode}, error: {metrics_data.error}, reason: {metrics_data.reason})"
                    for metrics_data in failed_metrics_data
                ]
            )
&gt;           raise AssertionError(f"Metrics: {failed_metrics_str} failed.")
E           AssertionError: Metrics: Correctness [GEval] (score: 0.2, threshold: 0.7, strict: False, error: None, reason: The actual output states that scheduling update 2764 for system 1000010000 failed with an 'Invalid errata' error, which directly contradicts the expected output requiring a successful scheduling message and action URL.) failed.

.venv/lib64/python3.13/site-packages/deepeval/evaluate/evaluate.py:182: AssertionError

The above exception was the direct cause of the following exception:

test_case = {'expected_output': "Update (errata ID: 2764) successfully scheduled for system {proxy_id}. Action URL: ...'", 'geval_...action.']}, 'id': 'TC-UPD-007', 'prompt': 'Schedule applying the update with update id 2764 for system id {proxy_id}.'}
record_property = &lt;function record_property.&lt;locals&gt;.append_property at 0x7f25df4bd9e0&gt;

    @pytest.mark.parametrize("test_case", load_test_cases())
    def test_uyuni_mcp_deepeval(test_case, record_property):
        prompt_template = test_case.get("prompt")
        expected_template = test_case.get("expected_output")
        test_id = test_case.get("id", "unknown")
    
        if not prompt_template or not expected_template:
            pytest.skip(f"Skipping malformed test case: {test_id}")
    
        prompt = prompt_template.format(**VARS)
        expected_output = expected_template.format(**VARS)
    
        actual_output, actual_tool_calls, actual_tool_outputs = query_mcp_server(prompt)
        actual_output = actual_output or "(No output returned by the model)"
    
        judge_model = os.environ.get("JUDGE_MODEL", "gemini-2.5-flash-lite")
        default_rubric = [
            Rubric(score_range=(0, 3), expected_outcome="The actual output is incorrect or irrelevant."),
            Rubric(score_range=(4, 6), expected_outcome="The actual output is partially correct or misses some key details."),
            Rubric(score_range=(7, 10), expected_outcome="The actual output matches the expected output in content and meaning."),
        ]
    
        user_geval_config = test_case.get("geval_config", {}).copy()
        rubric = user_geval_config.pop("rubric", default_rubric)
    
        geval_kwargs = {
            "name": "Correctness",
            "evaluation_params": [LLMTestCaseParams.ACTUAL_OUTPUT, LLMTestCaseParams.EXPECTED_OUTPUT],
            "threshold": 0.7,
            "verbose_mode": True,
            "model": GoogleGemini(model=judge_model),
        }
        geval_kwargs.update(user_geval_config)
    
        if isinstance(geval_kwargs["model"], str):
            geval_kwargs["model"] = GoogleGemini(model=geval_kwargs["model"])
    
        used_criteria = geval_kwargs.get("criteria")
        used_steps = geval_kwargs.get("evaluation_steps")
    
        if not used_criteria:
            if not used_steps:
                used_criteria = f"The actual output must satisfy this requirement: {expected_output}"
            else:
                used_criteria = "Evaluate the actual output based on the provided evaluation steps."
    
        if used_criteria:
            geval_kwargs["criteria"] = used_criteria
    
        geval_kwargs["rubric"] = rubric
    
        correctness_metric = GEval(**geval_kwargs)
        metrics = [correctness_metric]
    
        actual_tools = [
            ToolCall(name=call.name, input_parameters=dict(call.args or {}))
            for call in actual_tool_calls
        ]
    
        expected_tools = None
        if "expected_tools" in test_case:
            expected_tools = [
                ToolCall(name=t["name"], input_parameters=t.get("arguments", {}))
                for t in test_case["expected_tools"]
            ]
            metrics.append(ToolCorrectnessMetric(model=geval_kwargs["model"]))
    
        if "mcp_use_criteria" in test_case:
            mcp_use_metric = MCPUseMetric(
                criteria=test_case["mcp_use_criteria"],
                model=geval_kwargs["model"]
            )
            metrics.append(mcp_use_metric)
    
        deepeval_case = LLMTestCase(
            input=prompt,
            actual_output=actual_output,
            expected_output=expected_output,
            tools_called=actual_tools,
            expected_tools=expected_tools,
            retrieval_context=actual_tool_outputs
        )
    
        try:
            assert_test(deepeval_case, metrics)
        except AssertionError as e:
            pass_threshold = geval_kwargs.get("threshold", 0.7)
            partial_threshold = 0.4
            if isinstance(rubric, list) and len(rubric) &gt; 1:
                partial_threshold = rubric[1].score_range[0] / 10.0
    
            # Soft Pass Strategy:
            # If the score is &gt;= partial_threshold (Rubric "Partial" tier start), we treat it as a PASS with a warning.
            # This avoids binary failures for results that are semantically useful but not perfect.
            current_score = metrics[0].score
    
            # Fallback: If the score isn't populated in the metric object, extract it directly from
            # the error message. This guarantees we have the score that triggered the assertion failure.
            # It seems DeepEval sometimes raises the error without updating the metric object in place (bug?)
            # We try to parse the score from the error message: "Metrics: Correctness ... (score: 0.6, ...)"
    
            if current_score is None:
                match = re.search(r"score: ([0-9.]+)", str(e))
                if match:
                    current_score = float(match.group(1))
    
            if current_score is not None and current_score &gt;= partial_threshold:
                warning_msg = f"Test '{test_id}' passed with PARTIAL CORRECTNESS. Score: {current_score} (Threshold: {pass_threshold})"
                warnings.warn(warning_msg)
                record_property("warning", warning_msg)
                return
    
            eval_info = ""
            if used_steps:
                eval_info = f"Evaluation Steps:\n{json.dumps(used_steps, indent=2)}\n"
            elif used_criteria:
                eval_info = f"Criteria/Rubric:\n{used_criteria}\n"
    
            error_message = (
                f"\n--- Deepeval Test Failed ---\n"
                f"Test Case ID: {test_id}\n"
                f"Prompt: {prompt}\n"
                f"Expected Output Hint: {expected_output}\n"
                f"----- EVALUATION DETAILS -----\n"
                f"{eval_info}"
                f"----- ACTUAL OUTPUT -----\n{actual_output}\n"
                f"----- END ACTUAL OUTPUT -----\n"
                f"Original Error: {e}"
            )
&gt;           raise AssertionError(error_message) from e
E           AssertionError: 
E           --- Deepeval Test Failed ---
E           Test Case ID: TC-UPD-007
E           Prompt: Schedule applying the update with update id 2764 for system id 1000010000.
E           Expected Output Hint: Update (errata ID: 2764) successfully scheduled for system 1000010000. Action URL: ...'
E           ----- EVALUATION DETAILS -----
E           Evaluation Steps:
E           [
E             "Check if the output indicates that update 2764 has been successfully scheduled for system {proxy_id}.",
E             "Look for a success message or a URL pointing to the scheduled action."
E           ]
E           ----- ACTUAL OUTPUT -----
E           The system with ID **1000010000** (`mlm-test-ai-proxy.mgr.suse.de`) is registered and active, running **SUSE Linux Micro 6.1**. 
E           
E           However, attempting to schedule the update with ID **2764** for this system failed with an **"Invalid errata"** error from the Uyuni API. 
E           
E           This means that update ID `2764` is either not applicable to this system, or does not exist in the channels subscribed to by this system.
E           
E           ### Verification Details:
E           * **System ID:** `1000010000` (`mlm-test-ai-proxy.mgr.suse.de`)
E           * **Total Pending Updates:** 63
E           * **None** of the pending updates match ID `2764`. 
E           
E           ### Some Valid Pending Updates for System `1000010000`:
E           If you intended to schedule a different update, here are some of the available pending updates for this system:
E           
E           | Update ID | Advisory Name | Synopsis | Type |
E           | :--- | :--- | :--- | :--- |
E           | **1179** | `SUSE-SLE-Micro-6.1-417` | Security update for glibc | Security Advisory |
E           | **1182** | `SUSE-SLE-Micro-6.1-419` | Security update for cups | Security Advisory |
E           | **1183** | `SUSE-SLE-Micro-6.1-416` | Recommended update for python-kiwi | Bug Fix Advisory |
E           | **1177** | `SUSE-SLE-Micro-6.1-411` | Security update for libpng16 | Security Advisory |
E           | **1180** | `SUSE-SLE-Micro-6.1-412` | Security update for libssh | Security Advisory |
E           | **1433** | `SUSE-SLE-Micro-6.1-kernel-281` | Security update for the Linux Kernel | Security Advisory |
E           | **1380** | `SUSE-SLE-Micro-6.1-kernel-260` | Security update for the Linux Kernel | Security Advisory |
E           | **1152** | `SUSE-SLE-Micro-6.1-396` | Security update for kernel-firmware | Security Advisory |
E           
E           Please let me know if you would like me to schedule any of the valid updates listed above, or if there is another system or update ID you meant to target.
E           ----- END ACTUAL OUTPUT -----
E           Original Error: Metrics: Correctness [GEval] (score: 0.2, threshold: 0.7, strict: False, error: None, reason: The actual output states that scheduling update 2764 for system 1000010000 failed with an 'Invalid errata' error, which directly contradicts the expected output requiring a successful scheduling message and action URL.) failed.

test/test_deepeval.py:350: AssertionError</failure></testcase><testcase classname="test.test_deepeval" name="test_uyuni_mcp_deepeval[test_case10]" time="10.700"><properties><property name="warning" value="Test 'TC-SYS-001' passed with PARTIAL CORRECTNESS. Score: 0.6 (Threshold: 0.7)" /></properties></testcase><testcase classname="test.test_deepeval" name="test_uyuni_mcp_deepeval[test_case11]" time="11.382" /><testcase classname="test.test_deepeval" name="test_uyuni_mcp_deepeval[test_case12]" time="9.529" /><testcase classname="test.test_deepeval" name="test_uyuni_mcp_deepeval[test_case13]" time="15.495" /><testcase classname="test.test_deepeval" name="test_uyuni_mcp_deepeval[test_case14]" time="11.868" /><testcase classname="test.test_deepeval" name="test_uyuni_mcp_deepeval[test_case15]" time="11.500" /><testcase classname="test.test_deepeval" name="test_uyuni_mcp_deepeval[test_case16]" time="6.539" /><testcase classname="test.test_deepeval" name="test_uyuni_mcp_deepeval[test_case17]" time="8.684" /><testcase classname="test.test_deepeval" name="test_uyuni_mcp_deepeval[test_case18]" time="16.151" /><testcase classname="test.test_deepeval" name="test_uyuni_mcp_deepeval[test_case19]" time="8.067" /><testcase classname="test.test_deepeval" name="test_uyuni_mcp_deepeval[test_case20]" time="21.928" /><testcase classname="test.test_deepeval" name="test_uyuni_mcp_deepeval[test_case21]" time="11.510" /><testcase classname="test.test_deepeval" name="test_uyuni_mcp_deepeval[test_case22]" time="15.657" /><testcase classname="test.test_deepeval" name="test_uyuni_mcp_deepeval[test_case23]" time="8.032"><failure message="AssertionError: &#10;--- Deepeval Test Failed ---&#10;Test Case ID: TC-RBT-001&#10;Prompt: Do any of my systems require reboot?&#10;Expected Output Hint: Return a message that mlm-test-ai-rhlike-minion.mgr.suse.de require a reboot.&#10;----- EVALUATION DETAILS -----&#10;Evaluation Steps:&#10;[&#10;  &quot;Check if the output identifies systems requiring a reboot.&quot;,&#10;  &quot;Verify that the specific system mentioned in expected output is listed as requiring a reboot.&quot;&#10;]&#10;----- ACTUAL OUTPUT -----&#10;Yes, you have 1 system that requires a reboot:&#10;&#10;* **System Name:** `mlm-test-ai-proxy.mgr.suse.de`&#10;* **System ID:** `1000010000`&#10;* **Reboot Status:** Reboot Required&#10;----- END ACTUAL OUTPUT -----&#10;Original Error: Metrics: Correctness [GEval] (score: 0.2, threshold: 0.7, strict: False, error: None, reason: The actual output fails to identify the correct system requiring a reboot. While it correctly structures the response to show a reboot status, it lists 'mlm-test-ai-proxy.mgr.suse.de' instead of the expected system 'mlm-test-ai-rhlike-minion.mgr.suse.de'.) failed.">test_case = {'expected_output': 'Return a message that {rhlike_minion_name} require a reboot.', 'geval_config': {'evaluation_steps...ected output is listed as requiring a reboot.']}, 'id': 'TC-RBT-001', 'prompt': 'Do any of my systems require reboot?'}
record_property = &lt;function record_property.&lt;locals&gt;.append_property at 0x7f25df4bcb80&gt;

    @pytest.mark.parametrize("test_case", load_test_cases())
    def test_uyuni_mcp_deepeval(test_case, record_property):
        prompt_template = test_case.get("prompt")
        expected_template = test_case.get("expected_output")
        test_id = test_case.get("id", "unknown")
    
        if not prompt_template or not expected_template:
            pytest.skip(f"Skipping malformed test case: {test_id}")
    
        prompt = prompt_template.format(**VARS)
        expected_output = expected_template.format(**VARS)
    
        actual_output, actual_tool_calls, actual_tool_outputs = query_mcp_server(prompt)
        actual_output = actual_output or "(No output returned by the model)"
    
        judge_model = os.environ.get("JUDGE_MODEL", "gemini-2.5-flash-lite")
        default_rubric = [
            Rubric(score_range=(0, 3), expected_outcome="The actual output is incorrect or irrelevant."),
            Rubric(score_range=(4, 6), expected_outcome="The actual output is partially correct or misses some key details."),
            Rubric(score_range=(7, 10), expected_outcome="The actual output matches the expected output in content and meaning."),
        ]
    
        user_geval_config = test_case.get("geval_config", {}).copy()
        rubric = user_geval_config.pop("rubric", default_rubric)
    
        geval_kwargs = {
            "name": "Correctness",
            "evaluation_params": [LLMTestCaseParams.ACTUAL_OUTPUT, LLMTestCaseParams.EXPECTED_OUTPUT],
            "threshold": 0.7,
            "verbose_mode": True,
            "model": GoogleGemini(model=judge_model),
        }
        geval_kwargs.update(user_geval_config)
    
        if isinstance(geval_kwargs["model"], str):
            geval_kwargs["model"] = GoogleGemini(model=geval_kwargs["model"])
    
        used_criteria = geval_kwargs.get("criteria")
        used_steps = geval_kwargs.get("evaluation_steps")
    
        if not used_criteria:
            if not used_steps:
                used_criteria = f"The actual output must satisfy this requirement: {expected_output}"
            else:
                used_criteria = "Evaluate the actual output based on the provided evaluation steps."
    
        if used_criteria:
            geval_kwargs["criteria"] = used_criteria
    
        geval_kwargs["rubric"] = rubric
    
        correctness_metric = GEval(**geval_kwargs)
        metrics = [correctness_metric]
    
        actual_tools = [
            ToolCall(name=call.name, input_parameters=dict(call.args or {}))
            for call in actual_tool_calls
        ]
    
        expected_tools = None
        if "expected_tools" in test_case:
            expected_tools = [
                ToolCall(name=t["name"], input_parameters=t.get("arguments", {}))
                for t in test_case["expected_tools"]
            ]
            metrics.append(ToolCorrectnessMetric(model=geval_kwargs["model"]))
    
        if "mcp_use_criteria" in test_case:
            mcp_use_metric = MCPUseMetric(
                criteria=test_case["mcp_use_criteria"],
                model=geval_kwargs["model"]
            )
            metrics.append(mcp_use_metric)
    
        deepeval_case = LLMTestCase(
            input=prompt,
            actual_output=actual_output,
            expected_output=expected_output,
            tools_called=actual_tools,
            expected_tools=expected_tools,
            retrieval_context=actual_tool_outputs
        )
    
        try:
&gt;           assert_test(deepeval_case, metrics)

test/test_deepeval.py:305: 
_ _ _ _ _ _ _ _ _ _ _ _ _ _ _ _ _ _ _ _ _ _ _ _ _ _ _ _ _ _ _ _ _ _ _ _ _ _ _ _ 

test_case = LLMTestCase(input='Do any of my systems require reboot?', actual_output='Yes, you have 1 system that requires a reboot...servers=None, mcp_tools_called=None, mcp_resources_called=None, mcp_prompts_called=None, custom_column_key_values=None)
metrics = [&lt;deepeval.metrics.g_eval.g_eval.GEval object at 0x7f25dd58db50&gt;]
golden = None, observed_callback = None, run_async = True

    def assert_test(
        test_case: Optional[Union[LLMTestCase, ConversationalTestCase]] = None,
        metrics: Optional[
            Union[
                List[BaseMetric],
                List[BaseConversationalMetric],
            ]
        ] = None,
        golden: Optional[Golden] = None,
        observed_callback: Optional[
            Union[Callable[[str], Any], Callable[[str], Awaitable[Any]]]
        ] = None,
        run_async: bool = True,
    ):
        validate_assert_test_inputs(
            golden=golden,
            observed_callback=observed_callback,
            test_case=test_case,
            metrics=metrics,
        )
    
        async_config = AsyncConfig(throttle_value=0, max_concurrent=100)
        display_config = DisplayConfig(
            verbose_mode=should_verbose_print(), show_indicator=True
        )
        error_config = ErrorConfig(
            ignore_errors=should_ignore_errors(),
            skip_on_missing_params=should_skip_on_missing_params(),
        )
        cache_config = CacheConfig(
            write_cache=get_is_running_deepeval(), use_cache=should_use_cache()
        )
    
        if golden and observed_callback:
            if run_async:
                loop = get_or_create_event_loop()
                test_result = loop.run_until_complete(
                    a_execute_agentic_test_cases(
                        goldens=[golden],
                        observed_callback=observed_callback,
                        error_config=error_config,
                        display_config=display_config,
                        async_config=async_config,
                        cache_config=cache_config,
                        identifier=get_identifier(),
                        _use_bar_indicator=True,
                        _is_assert_test=True,
                    )
                )[0]
            else:
                test_result = execute_agentic_test_cases(
                    goldens=[golden],
                    observed_callback=observed_callback,
                    error_config=error_config,
                    display_config=display_config,
                    cache_config=cache_config,
                    identifier=get_identifier(),
                    _use_bar_indicator=False,
                    _is_assert_test=True,
                )[0]
    
        elif test_case and metrics:
            if run_async:
                loop = get_or_create_event_loop()
                test_result = loop.run_until_complete(
                    a_execute_test_cases(
                        [test_case],
                        metrics,
                        error_config=error_config,
                        display_config=display_config,
                        async_config=async_config,
                        cache_config=cache_config,
                        identifier=get_identifier(),
                        _use_bar_indicator=True,
                        _is_assert_test=True,
                    )
                )[0]
            else:
                test_result = execute_test_cases(
                    [test_case],
                    metrics,
                    error_config=error_config,
                    display_config=display_config,
                    cache_config=cache_config,
                    identifier=get_identifier(),
                    _use_bar_indicator=False,
                    _is_assert_test=True,
                )[0]
    
        if not test_result.success:
            failed_metrics_data: List[MetricData] = []
            # even for conversations, test_result right now is just the
            # result for the last message
            for metric_data in test_result.metrics_data:
                if metric_data.error is not None:
                    failed_metrics_data.append(metric_data)
                else:
                    # This try block is for user defined custom metrics,
                    # which might not handle the score == undefined case elegantly
                    try:
                        if not metric_data.success:
                            failed_metrics_data.append(metric_data)
                    except Exception:
                        failed_metrics_data.append(metric_data)
    
            failed_metrics_str = ", ".join(
                [
                    f"{metrics_data.name} (score: {metrics_data.score}, threshold: {metrics_data.threshold}, strict: {metrics_data.strict_mode}, error: {metrics_data.error}, reason: {metrics_data.reason})"
                    for metrics_data in failed_metrics_data
                ]
            )
&gt;           raise AssertionError(f"Metrics: {failed_metrics_str} failed.")
E           AssertionError: Metrics: Correctness [GEval] (score: 0.2, threshold: 0.7, strict: False, error: None, reason: The actual output fails to identify the correct system requiring a reboot. While it correctly structures the response to show a reboot status, it lists 'mlm-test-ai-proxy.mgr.suse.de' instead of the expected system 'mlm-test-ai-rhlike-minion.mgr.suse.de'.) failed.

.venv/lib64/python3.13/site-packages/deepeval/evaluate/evaluate.py:182: AssertionError

The above exception was the direct cause of the following exception:

test_case = {'expected_output': 'Return a message that {rhlike_minion_name} require a reboot.', 'geval_config': {'evaluation_steps...ected output is listed as requiring a reboot.']}, 'id': 'TC-RBT-001', 'prompt': 'Do any of my systems require reboot?'}
record_property = &lt;function record_property.&lt;locals&gt;.append_property at 0x7f25df4bcb80&gt;

    @pytest.mark.parametrize("test_case", load_test_cases())
    def test_uyuni_mcp_deepeval(test_case, record_property):
        prompt_template = test_case.get("prompt")
        expected_template = test_case.get("expected_output")
        test_id = test_case.get("id", "unknown")
    
        if not prompt_template or not expected_template:
            pytest.skip(f"Skipping malformed test case: {test_id}")
    
        prompt = prompt_template.format(**VARS)
        expected_output = expected_template.format(**VARS)
    
        actual_output, actual_tool_calls, actual_tool_outputs = query_mcp_server(prompt)
        actual_output = actual_output or "(No output returned by the model)"
    
        judge_model = os.environ.get("JUDGE_MODEL", "gemini-2.5-flash-lite")
        default_rubric = [
            Rubric(score_range=(0, 3), expected_outcome="The actual output is incorrect or irrelevant."),
            Rubric(score_range=(4, 6), expected_outcome="The actual output is partially correct or misses some key details."),
            Rubric(score_range=(7, 10), expected_outcome="The actual output matches the expected output in content and meaning."),
        ]
    
        user_geval_config = test_case.get("geval_config", {}).copy()
        rubric = user_geval_config.pop("rubric", default_rubric)
    
        geval_kwargs = {
            "name": "Correctness",
            "evaluation_params": [LLMTestCaseParams.ACTUAL_OUTPUT, LLMTestCaseParams.EXPECTED_OUTPUT],
            "threshold": 0.7,
            "verbose_mode": True,
            "model": GoogleGemini(model=judge_model),
        }
        geval_kwargs.update(user_geval_config)
    
        if isinstance(geval_kwargs["model"], str):
            geval_kwargs["model"] = GoogleGemini(model=geval_kwargs["model"])
    
        used_criteria = geval_kwargs.get("criteria")
        used_steps = geval_kwargs.get("evaluation_steps")
    
        if not used_criteria:
            if not used_steps:
                used_criteria = f"The actual output must satisfy this requirement: {expected_output}"
            else:
                used_criteria = "Evaluate the actual output based on the provided evaluation steps."
    
        if used_criteria:
            geval_kwargs["criteria"] = used_criteria
    
        geval_kwargs["rubric"] = rubric
    
        correctness_metric = GEval(**geval_kwargs)
        metrics = [correctness_metric]
    
        actual_tools = [
            ToolCall(name=call.name, input_parameters=dict(call.args or {}))
            for call in actual_tool_calls
        ]
    
        expected_tools = None
        if "expected_tools" in test_case:
            expected_tools = [
                ToolCall(name=t["name"], input_parameters=t.get("arguments", {}))
                for t in test_case["expected_tools"]
            ]
            metrics.append(ToolCorrectnessMetric(model=geval_kwargs["model"]))
    
        if "mcp_use_criteria" in test_case:
            mcp_use_metric = MCPUseMetric(
                criteria=test_case["mcp_use_criteria"],
                model=geval_kwargs["model"]
            )
            metrics.append(mcp_use_metric)
    
        deepeval_case = LLMTestCase(
            input=prompt,
            actual_output=actual_output,
            expected_output=expected_output,
            tools_called=actual_tools,
            expected_tools=expected_tools,
            retrieval_context=actual_tool_outputs
        )
    
        try:
            assert_test(deepeval_case, metrics)
        except AssertionError as e:
            pass_threshold = geval_kwargs.get("threshold", 0.7)
            partial_threshold = 0.4
            if isinstance(rubric, list) and len(rubric) &gt; 1:
                partial_threshold = rubric[1].score_range[0] / 10.0
    
            # Soft Pass Strategy:
            # If the score is &gt;= partial_threshold (Rubric "Partial" tier start), we treat it as a PASS with a warning.
            # This avoids binary failures for results that are semantically useful but not perfect.
            current_score = metrics[0].score
    
            # Fallback: If the score isn't populated in the metric object, extract it directly from
            # the error message. This guarantees we have the score that triggered the assertion failure.
            # It seems DeepEval sometimes raises the error without updating the metric object in place (bug?)
            # We try to parse the score from the error message: "Metrics: Correctness ... (score: 0.6, ...)"
    
            if current_score is None:
                match = re.search(r"score: ([0-9.]+)", str(e))
                if match:
                    current_score = float(match.group(1))
    
            if current_score is not None and current_score &gt;= partial_threshold:
                warning_msg = f"Test '{test_id}' passed with PARTIAL CORRECTNESS. Score: {current_score} (Threshold: {pass_threshold})"
                warnings.warn(warning_msg)
                record_property("warning", warning_msg)
                return
    
            eval_info = ""
            if used_steps:
                eval_info = f"Evaluation Steps:\n{json.dumps(used_steps, indent=2)}\n"
            elif used_criteria:
                eval_info = f"Criteria/Rubric:\n{used_criteria}\n"
    
            error_message = (
                f"\n--- Deepeval Test Failed ---\n"
                f"Test Case ID: {test_id}\n"
                f"Prompt: {prompt}\n"
                f"Expected Output Hint: {expected_output}\n"
                f"----- EVALUATION DETAILS -----\n"
                f"{eval_info}"
                f"----- ACTUAL OUTPUT -----\n{actual_output}\n"
                f"----- END ACTUAL OUTPUT -----\n"
                f"Original Error: {e}"
            )
&gt;           raise AssertionError(error_message) from e
E           AssertionError: 
E           --- Deepeval Test Failed ---
E           Test Case ID: TC-RBT-001
E           Prompt: Do any of my systems require reboot?
E           Expected Output Hint: Return a message that mlm-test-ai-rhlike-minion.mgr.suse.de require a reboot.
E           ----- EVALUATION DETAILS -----
E           Evaluation Steps:
E           [
E             "Check if the output identifies systems requiring a reboot.",
E             "Verify that the specific system mentioned in expected output is listed as requiring a reboot."
E           ]
E           ----- ACTUAL OUTPUT -----
E           Yes, you have 1 system that requires a reboot:
E           
E           * **System Name:** `mlm-test-ai-proxy.mgr.suse.de`
E           * **System ID:** `1000010000`
E           * **Reboot Status:** Reboot Required
E           ----- END ACTUAL OUTPUT -----
E           Original Error: Metrics: Correctness [GEval] (score: 0.2, threshold: 0.7, strict: False, error: None, reason: The actual output fails to identify the correct system requiring a reboot. While it correctly structures the response to show a reboot status, it lists 'mlm-test-ai-proxy.mgr.suse.de' instead of the expected system 'mlm-test-ai-rhlike-minion.mgr.suse.de'.) failed.

test/test_deepeval.py:350: AssertionError</failure></testcase><testcase classname="test.test_deepeval" name="test_uyuni_mcp_deepeval[test_case24]" time="8.343" /><testcase classname="test.test_deepeval" name="test_uyuni_mcp_deepeval[test_case25]" time="10.042" /><testcase classname="test.test_deepeval" name="test_uyuni_mcp_deepeval[test_case26]" time="14.926"><failure message="AssertionError: &#10;--- Deepeval Test Failed ---&#10;Test Case ID: TC-OPS-Pre&#10;Prompt: Is system with name 10.145.211.247 in Multi Linux Manager (MLM)?&#10;Expected Output Hint: A confirmation that the system exists&#10;----- EVALUATION DETAILS -----&#10;Evaluation Steps:&#10;[&#10;  &quot;Check if the output confirms that the system exists.&quot;,&#10;  &quot;Verify that the system name corresponds to the one requested.&quot;&#10;]&#10;----- ACTUAL OUTPUT -----&#10;No, the system with the name or IP address **10.145.211.247** is **not** registered in Multi Linux Manager (MLM). &#10;&#10;I checked the MLM system list and verified the IP addresses of all registered systems. Here are the active systems currently managed by MLM:&#10;&#10;* **mlm-test-ai-proxy.mgr.suse.de** (ID: `1000010000`) — IP: `10.145.210.130`&#10;* **mlm-test-ai-rhlike-minion.mgr.suse.de** (ID: `1000010001`) — IP: `10.145.210.138`&#10;* **mlm-test-ai-deblike-minion.mgr.suse.de** (ID: `1000010002`) — IP: `10.145.210.139`&#10;* **mlm-test-ai-suse-minion.mgr.suse.de** (ID: `1000010003`) — IP: `10.145.210.134`&#10;* **mlm-test-ai-build-host.mgr.suse.de** (ID: `1000010004`) — IP: `10.145.210.141`&#10;* **mlm-test-ai-suse-sshminion.mgr.suse.de** (ID: `1000010005`) — IP: `10.145.210.136`&#10;----- END ACTUAL OUTPUT -----&#10;Original Error: Metrics: Correctness [GEval] (score: 0.1, threshold: 0.7, strict: False, error: None, reason: The actual output directly contradicts the expected output. While the expected output requires a confirmation that the system exists, the actual output explicitly states that the system with IP address 10.145.211.247 is not registered and does not exist in the system list.) failed.">test_case = {'expected_output': 'A confirmation that the system exists', 'geval_config': {'evaluation_steps': ['Check if the outpu...nds to the one requested.']}, 'id': 'TC-OPS-Pre', 'prompt': 'Is system with name {new_system_host} in {product_name}?'}
record_property = &lt;function record_property.&lt;locals&gt;.append_property at 0x7f25df44f2e0&gt;

    @pytest.mark.parametrize("test_case", load_test_cases())
    def test_uyuni_mcp_deepeval(test_case, record_property):
        prompt_template = test_case.get("prompt")
        expected_template = test_case.get("expected_output")
        test_id = test_case.get("id", "unknown")
    
        if not prompt_template or not expected_template:
            pytest.skip(f"Skipping malformed test case: {test_id}")
    
        prompt = prompt_template.format(**VARS)
        expected_output = expected_template.format(**VARS)
    
        actual_output, actual_tool_calls, actual_tool_outputs = query_mcp_server(prompt)
        actual_output = actual_output or "(No output returned by the model)"
    
        judge_model = os.environ.get("JUDGE_MODEL", "gemini-2.5-flash-lite")
        default_rubric = [
            Rubric(score_range=(0, 3), expected_outcome="The actual output is incorrect or irrelevant."),
            Rubric(score_range=(4, 6), expected_outcome="The actual output is partially correct or misses some key details."),
            Rubric(score_range=(7, 10), expected_outcome="The actual output matches the expected output in content and meaning."),
        ]
    
        user_geval_config = test_case.get("geval_config", {}).copy()
        rubric = user_geval_config.pop("rubric", default_rubric)
    
        geval_kwargs = {
            "name": "Correctness",
            "evaluation_params": [LLMTestCaseParams.ACTUAL_OUTPUT, LLMTestCaseParams.EXPECTED_OUTPUT],
            "threshold": 0.7,
            "verbose_mode": True,
            "model": GoogleGemini(model=judge_model),
        }
        geval_kwargs.update(user_geval_config)
    
        if isinstance(geval_kwargs["model"], str):
            geval_kwargs["model"] = GoogleGemini(model=geval_kwargs["model"])
    
        used_criteria = geval_kwargs.get("criteria")
        used_steps = geval_kwargs.get("evaluation_steps")
    
        if not used_criteria:
            if not used_steps:
                used_criteria = f"The actual output must satisfy this requirement: {expected_output}"
            else:
                used_criteria = "Evaluate the actual output based on the provided evaluation steps."
    
        if used_criteria:
            geval_kwargs["criteria"] = used_criteria
    
        geval_kwargs["rubric"] = rubric
    
        correctness_metric = GEval(**geval_kwargs)
        metrics = [correctness_metric]
    
        actual_tools = [
            ToolCall(name=call.name, input_parameters=dict(call.args or {}))
            for call in actual_tool_calls
        ]
    
        expected_tools = None
        if "expected_tools" in test_case:
            expected_tools = [
                ToolCall(name=t["name"], input_parameters=t.get("arguments", {}))
                for t in test_case["expected_tools"]
            ]
            metrics.append(ToolCorrectnessMetric(model=geval_kwargs["model"]))
    
        if "mcp_use_criteria" in test_case:
            mcp_use_metric = MCPUseMetric(
                criteria=test_case["mcp_use_criteria"],
                model=geval_kwargs["model"]
            )
            metrics.append(mcp_use_metric)
    
        deepeval_case = LLMTestCase(
            input=prompt,
            actual_output=actual_output,
            expected_output=expected_output,
            tools_called=actual_tools,
            expected_tools=expected_tools,
            retrieval_context=actual_tool_outputs
        )
    
        try:
&gt;           assert_test(deepeval_case, metrics)

test/test_deepeval.py:305: 
_ _ _ _ _ _ _ _ _ _ _ _ _ _ _ _ _ _ _ _ _ _ _ _ _ _ _ _ _ _ _ _ _ _ _ _ _ _ _ _ 

test_case = LLMTestCase(input='Is system with name 10.145.211.247 in Multi Linux Manager (MLM)?', actual_output='No, the system wi...servers=None, mcp_tools_called=None, mcp_resources_called=None, mcp_prompts_called=None, custom_column_key_values=None)
metrics = [&lt;deepeval.metrics.g_eval.g_eval.GEval object at 0x7f25dd58db50&gt;]
golden = None, observed_callback = None, run_async = True

    def assert_test(
        test_case: Optional[Union[LLMTestCase, ConversationalTestCase]] = None,
        metrics: Optional[
            Union[
                List[BaseMetric],
                List[BaseConversationalMetric],
            ]
        ] = None,
        golden: Optional[Golden] = None,
        observed_callback: Optional[
            Union[Callable[[str], Any], Callable[[str], Awaitable[Any]]]
        ] = None,
        run_async: bool = True,
    ):
        validate_assert_test_inputs(
            golden=golden,
            observed_callback=observed_callback,
            test_case=test_case,
            metrics=metrics,
        )
    
        async_config = AsyncConfig(throttle_value=0, max_concurrent=100)
        display_config = DisplayConfig(
            verbose_mode=should_verbose_print(), show_indicator=True
        )
        error_config = ErrorConfig(
            ignore_errors=should_ignore_errors(),
            skip_on_missing_params=should_skip_on_missing_params(),
        )
        cache_config = CacheConfig(
            write_cache=get_is_running_deepeval(), use_cache=should_use_cache()
        )
    
        if golden and observed_callback:
            if run_async:
                loop = get_or_create_event_loop()
                test_result = loop.run_until_complete(
                    a_execute_agentic_test_cases(
                        goldens=[golden],
                        observed_callback=observed_callback,
                        error_config=error_config,
                        display_config=display_config,
                        async_config=async_config,
                        cache_config=cache_config,
                        identifier=get_identifier(),
                        _use_bar_indicator=True,
                        _is_assert_test=True,
                    )
                )[0]
            else:
                test_result = execute_agentic_test_cases(
                    goldens=[golden],
                    observed_callback=observed_callback,
                    error_config=error_config,
                    display_config=display_config,
                    cache_config=cache_config,
                    identifier=get_identifier(),
                    _use_bar_indicator=False,
                    _is_assert_test=True,
                )[0]
    
        elif test_case and metrics:
            if run_async:
                loop = get_or_create_event_loop()
                test_result = loop.run_until_complete(
                    a_execute_test_cases(
                        [test_case],
                        metrics,
                        error_config=error_config,
                        display_config=display_config,
                        async_config=async_config,
                        cache_config=cache_config,
                        identifier=get_identifier(),
                        _use_bar_indicator=True,
                        _is_assert_test=True,
                    )
                )[0]
            else:
                test_result = execute_test_cases(
                    [test_case],
                    metrics,
                    error_config=error_config,
                    display_config=display_config,
                    cache_config=cache_config,
                    identifier=get_identifier(),
                    _use_bar_indicator=False,
                    _is_assert_test=True,
                )[0]
    
        if not test_result.success:
            failed_metrics_data: List[MetricData] = []
            # even for conversations, test_result right now is just the
            # result for the last message
            for metric_data in test_result.metrics_data:
                if metric_data.error is not None:
                    failed_metrics_data.append(metric_data)
                else:
                    # This try block is for user defined custom metrics,
                    # which might not handle the score == undefined case elegantly
                    try:
                        if not metric_data.success:
                            failed_metrics_data.append(metric_data)
                    except Exception:
                        failed_metrics_data.append(metric_data)
    
            failed_metrics_str = ", ".join(
                [
                    f"{metrics_data.name} (score: {metrics_data.score}, threshold: {metrics_data.threshold}, strict: {metrics_data.strict_mode}, error: {metrics_data.error}, reason: {metrics_data.reason})"
                    for metrics_data in failed_metrics_data
                ]
            )
&gt;           raise AssertionError(f"Metrics: {failed_metrics_str} failed.")
E           AssertionError: Metrics: Correctness [GEval] (score: 0.1, threshold: 0.7, strict: False, error: None, reason: The actual output directly contradicts the expected output. While the expected output requires a confirmation that the system exists, the actual output explicitly states that the system with IP address 10.145.211.247 is not registered and does not exist in the system list.) failed.

.venv/lib64/python3.13/site-packages/deepeval/evaluate/evaluate.py:182: AssertionError

The above exception was the direct cause of the following exception:

test_case = {'expected_output': 'A confirmation that the system exists', 'geval_config': {'evaluation_steps': ['Check if the outpu...nds to the one requested.']}, 'id': 'TC-OPS-Pre', 'prompt': 'Is system with name {new_system_host} in {product_name}?'}
record_property = &lt;function record_property.&lt;locals&gt;.append_property at 0x7f25df44f2e0&gt;

    @pytest.mark.parametrize("test_case", load_test_cases())
    def test_uyuni_mcp_deepeval(test_case, record_property):
        prompt_template = test_case.get("prompt")
        expected_template = test_case.get("expected_output")
        test_id = test_case.get("id", "unknown")
    
        if not prompt_template or not expected_template:
            pytest.skip(f"Skipping malformed test case: {test_id}")
    
        prompt = prompt_template.format(**VARS)
        expected_output = expected_template.format(**VARS)
    
        actual_output, actual_tool_calls, actual_tool_outputs = query_mcp_server(prompt)
        actual_output = actual_output or "(No output returned by the model)"
    
        judge_model = os.environ.get("JUDGE_MODEL", "gemini-2.5-flash-lite")
        default_rubric = [
            Rubric(score_range=(0, 3), expected_outcome="The actual output is incorrect or irrelevant."),
            Rubric(score_range=(4, 6), expected_outcome="The actual output is partially correct or misses some key details."),
            Rubric(score_range=(7, 10), expected_outcome="The actual output matches the expected output in content and meaning."),
        ]
    
        user_geval_config = test_case.get("geval_config", {}).copy()
        rubric = user_geval_config.pop("rubric", default_rubric)
    
        geval_kwargs = {
            "name": "Correctness",
            "evaluation_params": [LLMTestCaseParams.ACTUAL_OUTPUT, LLMTestCaseParams.EXPECTED_OUTPUT],
            "threshold": 0.7,
            "verbose_mode": True,
            "model": GoogleGemini(model=judge_model),
        }
        geval_kwargs.update(user_geval_config)
    
        if isinstance(geval_kwargs["model"], str):
            geval_kwargs["model"] = GoogleGemini(model=geval_kwargs["model"])
    
        used_criteria = geval_kwargs.get("criteria")
        used_steps = geval_kwargs.get("evaluation_steps")
    
        if not used_criteria:
            if not used_steps:
                used_criteria = f"The actual output must satisfy this requirement: {expected_output}"
            else:
                used_criteria = "Evaluate the actual output based on the provided evaluation steps."
    
        if used_criteria:
            geval_kwargs["criteria"] = used_criteria
    
        geval_kwargs["rubric"] = rubric
    
        correctness_metric = GEval(**geval_kwargs)
        metrics = [correctness_metric]
    
        actual_tools = [
            ToolCall(name=call.name, input_parameters=dict(call.args or {}))
            for call in actual_tool_calls
        ]
    
        expected_tools = None
        if "expected_tools" in test_case:
            expected_tools = [
                ToolCall(name=t["name"], input_parameters=t.get("arguments", {}))
                for t in test_case["expected_tools"]
            ]
            metrics.append(ToolCorrectnessMetric(model=geval_kwargs["model"]))
    
        if "mcp_use_criteria" in test_case:
            mcp_use_metric = MCPUseMetric(
                criteria=test_case["mcp_use_criteria"],
                model=geval_kwargs["model"]
            )
            metrics.append(mcp_use_metric)
    
        deepeval_case = LLMTestCase(
            input=prompt,
            actual_output=actual_output,
            expected_output=expected_output,
            tools_called=actual_tools,
            expected_tools=expected_tools,
            retrieval_context=actual_tool_outputs
        )
    
        try:
            assert_test(deepeval_case, metrics)
        except AssertionError as e:
            pass_threshold = geval_kwargs.get("threshold", 0.7)
            partial_threshold = 0.4
            if isinstance(rubric, list) and len(rubric) &gt; 1:
                partial_threshold = rubric[1].score_range[0] / 10.0
    
            # Soft Pass Strategy:
            # If the score is &gt;= partial_threshold (Rubric "Partial" tier start), we treat it as a PASS with a warning.
            # This avoids binary failures for results that are semantically useful but not perfect.
            current_score = metrics[0].score
    
            # Fallback: If the score isn't populated in the metric object, extract it directly from
            # the error message. This guarantees we have the score that triggered the assertion failure.
            # It seems DeepEval sometimes raises the error without updating the metric object in place (bug?)
            # We try to parse the score from the error message: "Metrics: Correctness ... (score: 0.6, ...)"
    
            if current_score is None:
                match = re.search(r"score: ([0-9.]+)", str(e))
                if match:
                    current_score = float(match.group(1))
    
            if current_score is not None and current_score &gt;= partial_threshold:
                warning_msg = f"Test '{test_id}' passed with PARTIAL CORRECTNESS. Score: {current_score} (Threshold: {pass_threshold})"
                warnings.warn(warning_msg)
                record_property("warning", warning_msg)
                return
    
            eval_info = ""
            if used_steps:
                eval_info = f"Evaluation Steps:\n{json.dumps(used_steps, indent=2)}\n"
            elif used_criteria:
                eval_info = f"Criteria/Rubric:\n{used_criteria}\n"
    
            error_message = (
                f"\n--- Deepeval Test Failed ---\n"
                f"Test Case ID: {test_id}\n"
                f"Prompt: {prompt}\n"
                f"Expected Output Hint: {expected_output}\n"
                f"----- EVALUATION DETAILS -----\n"
                f"{eval_info}"
                f"----- ACTUAL OUTPUT -----\n{actual_output}\n"
                f"----- END ACTUAL OUTPUT -----\n"
                f"Original Error: {e}"
            )
&gt;           raise AssertionError(error_message) from e
E           AssertionError: 
E           --- Deepeval Test Failed ---
E           Test Case ID: TC-OPS-Pre
E           Prompt: Is system with name 10.145.211.247 in Multi Linux Manager (MLM)?
E           Expected Output Hint: A confirmation that the system exists
E           ----- EVALUATION DETAILS -----
E           Evaluation Steps:
E           [
E             "Check if the output confirms that the system exists.",
E             "Verify that the system name corresponds to the one requested."
E           ]
E           ----- ACTUAL OUTPUT -----
E           No, the system with the name or IP address **10.145.211.247** is **not** registered in Multi Linux Manager (MLM). 
E           
E           I checked the MLM system list and verified the IP addresses of all registered systems. Here are the active systems currently managed by MLM:
E           
E           * **mlm-test-ai-proxy.mgr.suse.de** (ID: `1000010000`) — IP: `10.145.210.130`
E           * **mlm-test-ai-rhlike-minion.mgr.suse.de** (ID: `1000010001`) — IP: `10.145.210.138`
E           * **mlm-test-ai-deblike-minion.mgr.suse.de** (ID: `1000010002`) — IP: `10.145.210.139`
E           * **mlm-test-ai-suse-minion.mgr.suse.de** (ID: `1000010003`) — IP: `10.145.210.134`
E           * **mlm-test-ai-build-host.mgr.suse.de** (ID: `1000010004`) — IP: `10.145.210.141`
E           * **mlm-test-ai-suse-sshminion.mgr.suse.de** (ID: `1000010005`) — IP: `10.145.210.136`
E           ----- END ACTUAL OUTPUT -----
E           Original Error: Metrics: Correctness [GEval] (score: 0.1, threshold: 0.7, strict: False, error: None, reason: The actual output directly contradicts the expected output. While the expected output requires a confirmation that the system exists, the actual output explicitly states that the system with IP address 10.145.211.247 is not registered and does not exist in the system list.) failed.

test/test_deepeval.py:350: AssertionError</failure></testcase><testcase classname="test.test_deepeval" name="test_uyuni_mcp_deepeval[test_case27]" time="18.125"><failure message="AssertionError: &#10;--- Deepeval Test Failed ---&#10;Test Case ID: TC-OPS-001&#10;Prompt: Remove system 10.145.211.247&#10;Expected Output Hint: Return a message stating that that system was successfully removed.&#10;----- EVALUATION DETAILS -----&#10;Evaluation Steps:&#10;[&#10;  &quot;Check if the output confirms the system was successfully removed.&quot;,&#10;  &quot;Ensure there are no error messages indicating failure to remove.&quot;&#10;]&#10;----- ACTUAL OUTPUT -----&#10;No active system with the IP address or hostname **10.145.211.247** was found in Uyuni. &#10;&#10;The currently registered systems are:&#10;1. **mlm-test-ai-build-host.mgr.suse.de** (ID: `1000010004`, IP: `10.145.210.141`)&#10;2. **mlm-test-ai-deblike-minion.mgr.suse.de** (ID: `1000010002`, IP: `10.145.210.139`)&#10;3. **mlm-test-ai-proxy.mgr.suse.de** (ID: `1000010000`, IP: `10.145.210.130`)&#10;4. **mlm-test-ai-rhlike-minion.mgr.suse.de** (ID: `1000010001`, IP: `10.145.210.138`)&#10;5. **mlm-test-ai-suse-minion.mgr.suse.de** (ID: `1000010003`, IP: `10.145.210.134`)&#10;6. **mlm-test-ai-suse-sshminion.mgr.suse.de** (ID: `1000010005`, IP: `10.145.210.136`)&#10;&#10;Please check the IP address or hostname and let me know if you would like to remove one of the systems listed above.&#10;----- END ACTUAL OUTPUT -----&#10;Original Error: Metrics: Correctness [GEval] (score: 0.2, threshold: 0.7, strict: False, error: None, reason: The actual output fails to confirm that the system was successfully removed, instead stating that no system with the specified IP address was found and listing other available systems. This does not meet the expected output requirement or the first evaluation step.) failed.">test_case = {'expected_output': 'Return a message stating that that system was successfully removed.', 'geval_config': {'evaluatio...re no error messages indicating failure to remove.']}, 'id': 'TC-OPS-001', 'prompt': 'Remove system {new_system_host}'}
record_property = &lt;function record_property.&lt;locals&gt;.append_property at 0x7f25d9113c40&gt;

    @pytest.mark.parametrize("test_case", load_test_cases())
    def test_uyuni_mcp_deepeval(test_case, record_property):
        prompt_template = test_case.get("prompt")
        expected_template = test_case.get("expected_output")
        test_id = test_case.get("id", "unknown")
    
        if not prompt_template or not expected_template:
            pytest.skip(f"Skipping malformed test case: {test_id}")
    
        prompt = prompt_template.format(**VARS)
        expected_output = expected_template.format(**VARS)
    
        actual_output, actual_tool_calls, actual_tool_outputs = query_mcp_server(prompt)
        actual_output = actual_output or "(No output returned by the model)"
    
        judge_model = os.environ.get("JUDGE_MODEL", "gemini-2.5-flash-lite")
        default_rubric = [
            Rubric(score_range=(0, 3), expected_outcome="The actual output is incorrect or irrelevant."),
            Rubric(score_range=(4, 6), expected_outcome="The actual output is partially correct or misses some key details."),
            Rubric(score_range=(7, 10), expected_outcome="The actual output matches the expected output in content and meaning."),
        ]
    
        user_geval_config = test_case.get("geval_config", {}).copy()
        rubric = user_geval_config.pop("rubric", default_rubric)
    
        geval_kwargs = {
            "name": "Correctness",
            "evaluation_params": [LLMTestCaseParams.ACTUAL_OUTPUT, LLMTestCaseParams.EXPECTED_OUTPUT],
            "threshold": 0.7,
            "verbose_mode": True,
            "model": GoogleGemini(model=judge_model),
        }
        geval_kwargs.update(user_geval_config)
    
        if isinstance(geval_kwargs["model"], str):
            geval_kwargs["model"] = GoogleGemini(model=geval_kwargs["model"])
    
        used_criteria = geval_kwargs.get("criteria")
        used_steps = geval_kwargs.get("evaluation_steps")
    
        if not used_criteria:
            if not used_steps:
                used_criteria = f"The actual output must satisfy this requirement: {expected_output}"
            else:
                used_criteria = "Evaluate the actual output based on the provided evaluation steps."
    
        if used_criteria:
            geval_kwargs["criteria"] = used_criteria
    
        geval_kwargs["rubric"] = rubric
    
        correctness_metric = GEval(**geval_kwargs)
        metrics = [correctness_metric]
    
        actual_tools = [
            ToolCall(name=call.name, input_parameters=dict(call.args or {}))
            for call in actual_tool_calls
        ]
    
        expected_tools = None
        if "expected_tools" in test_case:
            expected_tools = [
                ToolCall(name=t["name"], input_parameters=t.get("arguments", {}))
                for t in test_case["expected_tools"]
            ]
            metrics.append(ToolCorrectnessMetric(model=geval_kwargs["model"]))
    
        if "mcp_use_criteria" in test_case:
            mcp_use_metric = MCPUseMetric(
                criteria=test_case["mcp_use_criteria"],
                model=geval_kwargs["model"]
            )
            metrics.append(mcp_use_metric)
    
        deepeval_case = LLMTestCase(
            input=prompt,
            actual_output=actual_output,
            expected_output=expected_output,
            tools_called=actual_tools,
            expected_tools=expected_tools,
            retrieval_context=actual_tool_outputs
        )
    
        try:
&gt;           assert_test(deepeval_case, metrics)

test/test_deepeval.py:305: 
_ _ _ _ _ _ _ _ _ _ _ _ _ _ _ _ _ _ _ _ _ _ _ _ _ _ _ _ _ _ _ _ _ _ _ _ _ _ _ _ 

test_case = LLMTestCase(input='Remove system 10.145.211.247', actual_output='No active system with the IP address or hostname **10...servers=None, mcp_tools_called=None, mcp_resources_called=None, mcp_prompts_called=None, custom_column_key_values=None)
metrics = [&lt;deepeval.metrics.g_eval.g_eval.GEval object at 0x7f25d90cdd90&gt;]
golden = None, observed_callback = None, run_async = True

    def assert_test(
        test_case: Optional[Union[LLMTestCase, ConversationalTestCase]] = None,
        metrics: Optional[
            Union[
                List[BaseMetric],
                List[BaseConversationalMetric],
            ]
        ] = None,
        golden: Optional[Golden] = None,
        observed_callback: Optional[
            Union[Callable[[str], Any], Callable[[str], Awaitable[Any]]]
        ] = None,
        run_async: bool = True,
    ):
        validate_assert_test_inputs(
            golden=golden,
            observed_callback=observed_callback,
            test_case=test_case,
            metrics=metrics,
        )
    
        async_config = AsyncConfig(throttle_value=0, max_concurrent=100)
        display_config = DisplayConfig(
            verbose_mode=should_verbose_print(), show_indicator=True
        )
        error_config = ErrorConfig(
            ignore_errors=should_ignore_errors(),
            skip_on_missing_params=should_skip_on_missing_params(),
        )
        cache_config = CacheConfig(
            write_cache=get_is_running_deepeval(), use_cache=should_use_cache()
        )
    
        if golden and observed_callback:
            if run_async:
                loop = get_or_create_event_loop()
                test_result = loop.run_until_complete(
                    a_execute_agentic_test_cases(
                        goldens=[golden],
                        observed_callback=observed_callback,
                        error_config=error_config,
                        display_config=display_config,
                        async_config=async_config,
                        cache_config=cache_config,
                        identifier=get_identifier(),
                        _use_bar_indicator=True,
                        _is_assert_test=True,
                    )
                )[0]
            else:
                test_result = execute_agentic_test_cases(
                    goldens=[golden],
                    observed_callback=observed_callback,
                    error_config=error_config,
                    display_config=display_config,
                    cache_config=cache_config,
                    identifier=get_identifier(),
                    _use_bar_indicator=False,
                    _is_assert_test=True,
                )[0]
    
        elif test_case and metrics:
            if run_async:
                loop = get_or_create_event_loop()
                test_result = loop.run_until_complete(
                    a_execute_test_cases(
                        [test_case],
                        metrics,
                        error_config=error_config,
                        display_config=display_config,
                        async_config=async_config,
                        cache_config=cache_config,
                        identifier=get_identifier(),
                        _use_bar_indicator=True,
                        _is_assert_test=True,
                    )
                )[0]
            else:
                test_result = execute_test_cases(
                    [test_case],
                    metrics,
                    error_config=error_config,
                    display_config=display_config,
                    cache_config=cache_config,
                    identifier=get_identifier(),
                    _use_bar_indicator=False,
                    _is_assert_test=True,
                )[0]
    
        if not test_result.success:
            failed_metrics_data: List[MetricData] = []
            # even for conversations, test_result right now is just the
            # result for the last message
            for metric_data in test_result.metrics_data:
                if metric_data.error is not None:
                    failed_metrics_data.append(metric_data)
                else:
                    # This try block is for user defined custom metrics,
                    # which might not handle the score == undefined case elegantly
                    try:
                        if not metric_data.success:
                            failed_metrics_data.append(metric_data)
                    except Exception:
                        failed_metrics_data.append(metric_data)
    
            failed_metrics_str = ", ".join(
                [
                    f"{metrics_data.name} (score: {metrics_data.score}, threshold: {metrics_data.threshold}, strict: {metrics_data.strict_mode}, error: {metrics_data.error}, reason: {metrics_data.reason})"
                    for metrics_data in failed_metrics_data
                ]
            )
&gt;           raise AssertionError(f"Metrics: {failed_metrics_str} failed.")
E           AssertionError: Metrics: Correctness [GEval] (score: 0.2, threshold: 0.7, strict: False, error: None, reason: The actual output fails to confirm that the system was successfully removed, instead stating that no system with the specified IP address was found and listing other available systems. This does not meet the expected output requirement or the first evaluation step.) failed.

.venv/lib64/python3.13/site-packages/deepeval/evaluate/evaluate.py:182: AssertionError

The above exception was the direct cause of the following exception:

test_case = {'expected_output': 'Return a message stating that that system was successfully removed.', 'geval_config': {'evaluatio...re no error messages indicating failure to remove.']}, 'id': 'TC-OPS-001', 'prompt': 'Remove system {new_system_host}'}
record_property = &lt;function record_property.&lt;locals&gt;.append_property at 0x7f25d9113c40&gt;

    @pytest.mark.parametrize("test_case", load_test_cases())
    def test_uyuni_mcp_deepeval(test_case, record_property):
        prompt_template = test_case.get("prompt")
        expected_template = test_case.get("expected_output")
        test_id = test_case.get("id", "unknown")
    
        if not prompt_template or not expected_template:
            pytest.skip(f"Skipping malformed test case: {test_id}")
    
        prompt = prompt_template.format(**VARS)
        expected_output = expected_template.format(**VARS)
    
        actual_output, actual_tool_calls, actual_tool_outputs = query_mcp_server(prompt)
        actual_output = actual_output or "(No output returned by the model)"
    
        judge_model = os.environ.get("JUDGE_MODEL", "gemini-2.5-flash-lite")
        default_rubric = [
            Rubric(score_range=(0, 3), expected_outcome="The actual output is incorrect or irrelevant."),
            Rubric(score_range=(4, 6), expected_outcome="The actual output is partially correct or misses some key details."),
            Rubric(score_range=(7, 10), expected_outcome="The actual output matches the expected output in content and meaning."),
        ]
    
        user_geval_config = test_case.get("geval_config", {}).copy()
        rubric = user_geval_config.pop("rubric", default_rubric)
    
        geval_kwargs = {
            "name": "Correctness",
            "evaluation_params": [LLMTestCaseParams.ACTUAL_OUTPUT, LLMTestCaseParams.EXPECTED_OUTPUT],
            "threshold": 0.7,
            "verbose_mode": True,
[...]
epeval[test_case30]" time="10.832"><failure message="AssertionError: &#10;--- Deepeval Test Failed ---&#10;Test Case ID: TC-OPS-2-001&#10;Prompt: Add a new system at host 10.145.211.247 with activation key '1-DEBLIKE-KEY'&#10;Expected Output Hint: Return a message stating that the addition process started, and instructing the user to check the system list later for its status.&#10;----- EVALUATION DETAILS -----&#10;Evaluation Steps:&#10;[&#10;  &quot;Check if the output indicates that the system addition (bootstrap) process has started.&quot;,&#10;  &quot;Verify that the message advises checking the system list later or implies the operation is asynchronous.&quot;&#10;]&#10;----- ACTUAL OUTPUT -----&#10;The attempt to add the system at host `10.145.211.247` using the activation key `1-DEBLIKE-KEY` failed. &#10;&#10;The server returned the following error during the SSH bootstrap process:&#10;&gt; **`[An error has occurred during salt execution: unable to establish ssh connection.]`**&#10;&#10;This typically means that the Uyuni server is unable to connect to the target host via SSH. Please ensure that:&#10;1. The host `10.145.211.247` is online and reachable from the Uyuni server.&#10;2. Port 22 (or the configured SSH port) is open.&#10;3. The Uyuni SSH private key is authorized on the target host (e.g., in `/root/.ssh/authorized_keys` for the `root` user).&#10;----- END ACTUAL OUTPUT -----&#10;Original Error: Metrics: Correctness [GEval] (score: 0.0, threshold: 0.7, strict: False, error: None, reason: The actual output indicates a hard failure with an SSH connection error to host 10.145.211.247 instead of stating that the bootstrap addition process successfully started. Additionally, it fails to instruct the user to check the system list later, completely missing the requirements of both evaluation steps.) failed.">test_case = {'expected_output': 'Return a message stating that the addition process started, and instructing the user to check the....']}, 'id': 'TC-OPS-2-001', 'prompt': "Add a new system at host {new_system_host} with activation key '{key_deblike}'"}
record_property = &lt;function record_property.&lt;locals&gt;.append_property at 0x7f25d91af060&gt;

    @pytest.mark.parametrize("test_case", load_test_cases())
    def test_uyuni_mcp_deepeval(test_case, record_property):
        prompt_template = test_case.get("prompt")
        expected_template = test_case.get("expected_output")
        test_id = test_case.get("id", "unknown")
    
        if not prompt_template or not expected_template:
            pytest.skip(f"Skipping malformed test case: {test_id}")
    
        prompt = prompt_template.format(**VARS)
        expected_output = expected_template.format(**VARS)
    
        actual_output, actual_tool_calls, actual_tool_outputs = query_mcp_server(prompt)
        actual_output = actual_output or "(No output returned by the model)"
    
        judge_model = os.environ.get("JUDGE_MODEL", "gemini-2.5-flash-lite")
        default_rubric = [
            Rubric(score_range=(0, 3), expected_outcome="The actual output is incorrect or irrelevant."),
            Rubric(score_range=(4, 6), expected_outcome="The actual output is partially correct or misses some key details."),
            Rubric(score_range=(7, 10), expected_outcome="The actual output matches the expected output in content and meaning."),
        ]
    
        user_geval_config = test_case.get("geval_config", {}).copy()
        rubric = user_geval_config.pop("rubric", default_rubric)
    
        geval_kwargs = {
            "name": "Correctness",
            "evaluation_params": [LLMTestCaseParams.ACTUAL_OUTPUT, LLMTestCaseParams.EXPECTED_OUTPUT],
            "threshold": 0.7,
            "verbose_mode": True,
            "model": GoogleGemini(model=judge_model),
        }
        geval_kwargs.update(user_geval_config)
    
        if isinstance(geval_kwargs["model"], str):
            geval_kwargs["model"] = GoogleGemini(model=geval_kwargs["model"])
    
        used_criteria = geval_kwargs.get("criteria")
        used_steps = geval_kwargs.get("evaluation_steps")
    
        if not used_criteria:
            if not used_steps:
                used_criteria = f"The actual output must satisfy this requirement: {expected_output}"
            else:
                used_criteria = "Evaluate the actual output based on the provided evaluation steps."
    
        if used_criteria:
            geval_kwargs["criteria"] = used_criteria
    
        geval_kwargs["rubric"] = rubric
    
        correctness_metric = GEval(**geval_kwargs)
        metrics = [correctness_metric]
    
        actual_tools = [
            ToolCall(name=call.name, input_parameters=dict(call.args or {}))
            for call in actual_tool_calls
        ]
    
        expected_tools = None
        if "expected_tools" in test_case:
            expected_tools = [
                ToolCall(name=t["name"], input_parameters=t.get("arguments", {}))
                for t in test_case["expected_tools"]
            ]
            metrics.append(ToolCorrectnessMetric(model=geval_kwargs["model"]))
    
        if "mcp_use_criteria" in test_case:
            mcp_use_metric = MCPUseMetric(
                criteria=test_case["mcp_use_criteria"],
                model=geval_kwargs["model"]
            )
            metrics.append(mcp_use_metric)
    
        deepeval_case = LLMTestCase(
            input=prompt,
            actual_output=actual_output,
            expected_output=expected_output,
            tools_called=actual_tools,
            expected_tools=expected_tools,
            retrieval_context=actual_tool_outputs
        )
    
        try:
&gt;           assert_test(deepeval_case, metrics)

test/test_deepeval.py:305: 
_ _ _ _ _ _ _ _ _ _ _ _ _ _ _ _ _ _ _ _ _ _ _ _ _ _ _ _ _ _ _ _ _ _ _ _ _ _ _ _ 

test_case = LLMTestCase(input="Add a new system at host 10.145.211.247 with activation key '1-DEBLIKE-KEY'", actual_output='The at...servers=None, mcp_tools_called=None, mcp_resources_called=None, mcp_prompts_called=None, custom_column_key_values=None)
metrics = [&lt;deepeval.metrics.g_eval.g_eval.GEval object at 0x7f25df4b7bf0&gt;]
golden = None, observed_callback = None, run_async = True

    def assert_test(
        test_case: Optional[Union[LLMTestCase, ConversationalTestCase]] = None,
        metrics: Optional[
            Union[
                List[BaseMetric],
                List[BaseConversationalMetric],
            ]
        ] = None,
        golden: Optional[Golden] = None,
        observed_callback: Optional[
            Union[Callable[[str], Any], Callable[[str], Awaitable[Any]]]
        ] = None,
        run_async: bool = True,
    ):
        validate_assert_test_inputs(
            golden=golden,
            observed_callback=observed_callback,
            test_case=test_case,
            metrics=metrics,
        )
    
        async_config = AsyncConfig(throttle_value=0, max_concurrent=100)
        display_config = DisplayConfig(
            verbose_mode=should_verbose_print(), show_indicator=True
        )
        error_config = ErrorConfig(
            ignore_errors=should_ignore_errors(),
            skip_on_missing_params=should_skip_on_missing_params(),
        )
        cache_config = CacheConfig(
            write_cache=get_is_running_deepeval(), use_cache=should_use_cache()
        )
    
        if golden and observed_callback:
            if run_async:
                loop = get_or_create_event_loop()
                test_result = loop.run_until_complete(
                    a_execute_agentic_test_cases(
                        goldens=[golden],
                        observed_callback=observed_callback,
                        error_config=error_config,
                        display_config=display_config,
                        async_config=async_config,
                        cache_config=cache_config,
                        identifier=get_identifier(),
                        _use_bar_indicator=True,
                        _is_assert_test=True,
                    )
                )[0]
            else:
                test_result = execute_agentic_test_cases(
                    goldens=[golden],
                    observed_callback=observed_callback,
                    error_config=error_config,
                    display_config=display_config,
                    cache_config=cache_config,
                    identifier=get_identifier(),
                    _use_bar_indicator=False,
                    _is_assert_test=True,
                )[0]
    
        elif test_case and metrics:
            if run_async:
                loop = get_or_create_event_loop()
                test_result = loop.run_until_complete(
                    a_execute_test_cases(
                        [test_case],
                        metrics,
                        error_config=error_config,
                        display_config=display_config,
                        async_config=async_config,
                        cache_config=cache_config,
                        identifier=get_identifier(),
                        _use_bar_indicator=True,
                        _is_assert_test=True,
                    )
                )[0]
            else:
                test_result = execute_test_cases(
                    [test_case],
                    metrics,
                    error_config=error_config,
                    display_config=display_config,
                    cache_config=cache_config,
                    identifier=get_identifier(),
                    _use_bar_indicator=False,
                    _is_assert_test=True,
                )[0]
    
        if not test_result.success:
            failed_metrics_data: List[MetricData] = []
            # even for conversations, test_result right now is just the
            # result for the last message
            for metric_data in test_result.metrics_data:
                if metric_data.error is not None:
                    failed_metrics_data.append(metric_data)
                else:
                    # This try block is for user defined custom metrics,
                    # which might not handle the score == undefined case elegantly
                    try:
                        if not metric_data.success:
                            failed_metrics_data.append(metric_data)
                    except Exception:
                        failed_metrics_data.append(metric_data)
    
            failed_metrics_str = ", ".join(
                [
                    f"{metrics_data.name} (score: {metrics_data.score}, threshold: {metrics_data.threshold}, strict: {metrics_data.strict_mode}, error: {metrics_data.error}, reason: {metrics_data.reason})"
                    for metrics_data in failed_metrics_data
                ]
            )
&gt;           raise AssertionError(f"Metrics: {failed_metrics_str} failed.")
E           AssertionError: Metrics: Correctness [GEval] (score: 0.0, threshold: 0.7, strict: False, error: None, reason: The actual output indicates a hard failure with an SSH connection error to host 10.145.211.247 instead of stating that the bootstrap addition process successfully started. Additionally, it fails to instruct the user to check the system list later, completely missing the requirements of both evaluation steps.) failed.

.venv/lib64/python3.13/site-packages/deepeval/evaluate/evaluate.py:182: AssertionError

The above exception was the direct cause of the following exception:

test_case = {'expected_output': 'Return a message stating that the addition process started, and instructing the user to check the....']}, 'id': 'TC-OPS-2-001', 'prompt': "Add a new system at host {new_system_host} with activation key '{key_deblike}'"}
record_property = &lt;function record_property.&lt;locals&gt;.append_property at 0x7f25d91af060&gt;

    @pytest.mark.parametrize("test_case", load_test_cases())
    def test_uyuni_mcp_deepeval(test_case, record_property):
        prompt_template = test_case.get("prompt")
        expected_template = test_case.get("expected_output")
        test_id = test_case.get("id", "unknown")
    
        if not prompt_template or not expected_template:
            pytest.skip(f"Skipping malformed test case: {test_id}")
    
        prompt = prompt_template.format(**VARS)
        expected_output = expected_template.format(**VARS)
    
        actual_output, actual_tool_calls, actual_tool_outputs = query_mcp_server(prompt)
        actual_output = actual_output or "(No output returned by the model)"
    
        judge_model = os.environ.get("JUDGE_MODEL", "gemini-2.5-flash-lite")
        default_rubric = [
            Rubric(score_range=(0, 3), expected_outcome="The actual output is incorrect or irrelevant."),
            Rubric(score_range=(4, 6), expected_outcome="The actual output is partially correct or misses some key details."),
            Rubric(score_range=(7, 10), expected_outcome="The actual output matches the expected output in content and meaning."),
        ]
    
        user_geval_config = test_case.get("geval_config", {}).copy()
        rubric = user_geval_config.pop("rubric", default_rubric)
    
        geval_kwargs = {
            "name": "Correctness",
            "evaluation_params": [LLMTestCaseParams.ACTUAL_OUTPUT, LLMTestCaseParams.EXPECTED_OUTPUT],
            "threshold": 0.7,
            "verbose_mode": True,
            "model": GoogleGemini(model=judge_model),
        }
        geval_kwargs.update(user_geval_config)
    
        if isinstance(geval_kwargs["model"], str):
            geval_kwargs["model"] = GoogleGemini(model=geval_kwargs["model"])
    
        used_criteria = geval_kwargs.get("criteria")
        used_steps = geval_kwargs.get("evaluation_steps")
    
        if not used_criteria:
            if not used_steps:
                used_criteria = f"The actual output must satisfy this requirement: {expected_output}"
            else:
                used_criteria = "Evaluate the actual output based on the provided evaluation steps."
    
        if used_criteria:
            geval_kwargs["criteria"] = used_criteria
    
        geval_kwargs["rubric"] = rubric
    
        correctness_metric = GEval(**geval_kwargs)
        metrics = [correctness_metric]
    
        actual_tools = [
            ToolCall(name=call.name, input_parameters=dict(call.args or {}))
            for call in actual_tool_calls
        ]
    
        expected_tools = None
        if "expected_tools" in test_case:
            expected_tools = [
                ToolCall(name=t["name"], input_parameters=t.get("arguments", {}))
                for t in test_case["expected_tools"]
            ]
            metrics.append(ToolCorrectnessMetric(model=geval_kwargs["model"]))
    
        if "mcp_use_criteria" in test_case:
            mcp_use_metric = MCPUseMetric(
                criteria=test_case["mcp_use_criteria"],
                model=geval_kwargs["model"]
            )
            metrics.append(mcp_use_metric)
    
        deepeval_case = LLMTestCase(
            input=prompt,
            actual_output=actual_output,
            expected_output=expected_output,
            tools_called=actual_tools,
            expected_tools=expected_tools,
            retrieval_context=actual_tool_outputs
        )
    
        try:
            assert_test(deepeval_case, metrics)
        except AssertionError as e:
            pass_threshold = geval_kwargs.get("threshold", 0.7)
            partial_threshold = 0.4
            if isinstance(rubric, list) and len(rubric) &gt; 1:
                partial_threshold = rubric[1].score_range[0] / 10.0
    
            # Soft Pass Strategy:
            # If the score is &gt;= partial_threshold (Rubric "Partial" tier start), we treat it as a PASS with a warning.
            # This avoids binary failures for results that are semantically useful but not perfect.
            current_score = metrics[0].score
    
            # Fallback: If the score isn't populated in the metric object, extract it directly from
            # the error message. This guarantees we have the score that triggered the assertion failure.
            # It seems DeepEval sometimes raises the error without updating the metric object in place (bug?)
            # We try to parse the score from the error message: "Metrics: Correctness ... (score: 0.6, ...)"
    
            if current_score is None:
                match = re.search(r"score: ([0-9.]+)", str(e))
                if match:
                    current_score = float(match.group(1))
    
            if current_score is not None and current_score &gt;= partial_threshold:
                warning_msg = f"Test '{test_id}' passed with PARTIAL CORRECTNESS. Score: {current_score} (Threshold: {pass_threshold})"
                warnings.warn(warning_msg)
                record_property("warning", warning_msg)
                return
    
            eval_info = ""
            if used_steps:
                eval_info = f"Evaluation Steps:\n{json.dumps(used_steps, indent=2)}\n"
            elif used_criteria:
                eval_info = f"Criteria/Rubric:\n{used_criteria}\n"
    
            error_message = (
                f"\n--- Deepeval Test Failed ---\n"
                f"Test Case ID: {test_id}\n"
                f"Prompt: {prompt}\n"
                f"Expected Output Hint: {expected_output}\n"
                f"----- EVALUATION DETAILS -----\n"
                f"{eval_info}"
                f"----- ACTUAL OUTPUT -----\n{actual_output}\n"
                f"----- END ACTUAL OUTPUT -----\n"
                f"Original Error: {e}"
            )
&gt;           raise AssertionError(error_message) from e
E           AssertionError: 
E           --- Deepeval Test Failed ---
E           Test Case ID: TC-OPS-2-001
E           Prompt: Add a new system at host 10.145.211.247 with activation key '1-DEBLIKE-KEY'
E           Expected Output Hint: Return a message stating that the addition process started, and instructing the user to check the system list later for its status.
E           ----- EVALUATION DETAILS -----
E           Evaluation Steps:
E           [
E             "Check if the output indicates that the system addition (bootstrap) process has started.",
E             "Verify that the message advises checking the system list later or implies the operation is asynchronous."
E           ]
E           ----- ACTUAL OUTPUT -----
E           The attempt to add the system at host `10.145.211.247` using the activation key `1-DEBLIKE-KEY` failed. 
E           
E           The server returned the following error during the SSH bootstrap process:
E           &gt; **`[An error has occurred during salt execution: unable to establish ssh connection.]`**
E           
E           This typically means that the Uyuni server is unable to connect to the target host via SSH. Please ensure that:
E           1. The host `10.145.211.247` is online and reachable from the Uyuni server.
E           2. Port 22 (or the configured SSH port) is open.
E           3. The Uyuni SSH private key is authorized on the target host (e.g., in `/root/.ssh/authorized_keys` for the `root` user).
E           ----- END ACTUAL OUTPUT -----
E           Original Error: Metrics: Correctness [GEval] (score: 0.0, threshold: 0.7, strict: False, error: None, reason: The actual output indicates a hard failure with an SSH connection error to host 10.145.211.247 instead of stating that the bootstrap addition process successfully started. Additionally, it fails to instruct the user to check the system list later, completely missing the requirements of both evaluation steps.) failed.

test/test_deepeval.py:350: AssertionError</failure></testcase><testcase classname="test.test_deepeval" name="test_uyuni_mcp_deepeval[test_case31]" time="10.223" /><testcase classname="test.test_deepeval" name="test_uyuni_mcp_deepeval[test_case32]" time="8.558" /></testsuite></testsuites>